2024-11-19 10:08:51,229 INFO Starting Nacos v1.4.3 on DESKTOP-UDFRK2E with PID 13520 (C:\Users\ChangxueDeng\Code\Java\SpringCloud\SpringCloudStudy\nacos\target\nacos-server.jar started by ChangxueDeng in C:\Users\ChangxueDeng\Code\Java\SpringCloud\SpringCloudStudy\nacos)

2024-11-19 10:08:51,231 INFO The following profiles are active: standalone

2024-11-19 10:08:53,041 INFO Bean 'org.springframework.security.access.expression.method.DefaultMethodSecurityExpressionHandler@7383eae2' of type [org.springframework.security.access.expression.method.DefaultMethodSecurityExpressionHandler] is not eligible for getting processed by all BeanPostProcessors (for example: not eligible for auto-proxying)

2024-11-19 10:08:53,049 INFO Bean 'methodSecurityMetadataSource' of type [org.springframework.security.access.method.DelegatingMethodSecurityMetadataSource] is not eligible for getting processed by all BeanPostProcessors (for example: not eligible for auto-proxying)

2024-11-19 10:08:53,392 INFO Tomcat initialized with port(s): 8848 (http)

2024-11-19 10:08:53,427 INFO Starting service [Tomcat]

2024-11-19 10:08:53,427 INFO Starting Servlet engine: [Apache Tomcat/9.0.38]

2024-11-19 10:08:53,673 INFO At least one JAR was scanned for TLDs yet contained no TLDs. Enable debug logging for this logger for a complete list of JARs that were scanned but no TLDs were found in them. Skipping unneeded JARs during scanning can improve startup time and JSP compilation time.

2024-11-19 10:08:53,707 INFO Initializing Spring embedded WebApplicationContext

2024-11-19 10:08:53,707 INFO Root WebApplicationContext: initialization completed in 2430 ms

2024-11-19 10:08:54,100 INFO HikariPool-1 - Starting...

2024-11-19 10:08:54,107 WARN Registered driver with driverClassName=org.apache.derby.jdbc.EmbeddedDriver was not found, trying direct instantiation.

2024-11-19 10:08:54,332 INFO HikariPool-1 - Driver does not support get/set network timeout for connections. (Feature not implemented: No details.)

2024-11-19 10:08:54,334 INFO HikariPool-1 - Start completed.

2024-11-19 10:08:54,901 INFO Nacos-related cluster resource initialization

2024-11-19 10:08:54,911 INFO The cluster resource is initialized

2024-11-19 10:08:55,396 INFO Reflections took 37 ms to scan 1 urls, producing 4 keys and 6 values 

2024-11-19 10:08:55,425 INFO Reflections took 5 ms to scan 1 urls, producing 6 keys and 26 values 

2024-11-19 10:08:55,441 INFO Reflections took 4 ms to scan 1 urls, producing 3 keys and 15 values 

2024-11-19 10:08:55,449 INFO Reflections took 2 ms to scan 1 urls, producing 2 keys and 12 values 

2024-11-19 10:08:56,031 INFO Initializing ExecutorService 'applicationTaskExecutor'

2024-11-19 10:08:56,167 INFO Adding welcome page: class path resource [static/index.html]

2024-11-19 10:08:56,434 INFO Creating filter chain: Ant [pattern='/**'], []

2024-11-19 10:08:56,467 INFO Creating filter chain: any request, [org.springframework.security.web.context.request.async.WebAsyncManagerIntegrationFilter@58f4b31a, org.springframework.security.web.context.SecurityContextPersistenceFilter@609e57da, org.springframework.security.web.header.HeaderWriterFilter@5b5ac798, org.springframework.security.web.csrf.CsrfFilter@7bf01cb, org.springframework.security.web.authentication.logout.LogoutFilter@67e25252, org.springframework.security.web.savedrequest.RequestCacheAwareFilter@4d634127, org.springframework.security.web.servletapi.SecurityContextHolderAwareRequestFilter@75b6dd5b, org.springframework.security.web.authentication.AnonymousAuthenticationFilter@21a9a705, org.springframework.security.web.session.SessionManagementFilter@3625a016, org.springframework.security.web.access.ExceptionTranslationFilter@73a8e994]

2024-11-19 10:08:56,533 INFO Initializing ExecutorService 'taskScheduler'

2024-11-19 10:08:56,552 INFO Exposing 2 endpoint(s) beneath base path '/actuator'

2024-11-19 10:08:56,662 INFO Tomcat started on port(s): 8848 (http) with context path '/nacos'

2024-11-19 10:08:56,665 INFO Started Nacos in 6.406 seconds (JVM running for 6.991)

2024-11-19 10:08:56,666 INFO Nacos started successfully in stand alone mode. use embedded storage

2024-11-19 10:09:21,437 INFO Initializing Spring DispatcherServlet 'dispatcherServlet'

2024-11-19 10:09:21,437 INFO Initializing Servlet 'dispatcherServlet'

2024-11-19 10:09:21,444 INFO Completed initialization in 6 ms

2024-11-19 10:18:55,664 INFO [capacityManagement] start correct usage

2024-11-19 10:18:55,679 INFO [capacityManagement] end correct usage, cost: 0s

2024-11-19 10:18:55,820 WARN clearConfigHistory start

2024-11-19 10:18:55,826 WARN clearConfigHistory, getBeforeStamp:2024-10-20 10:18:55.0, totalCount:2, pageSize:1000, removeTime:1

2024-11-19 10:28:55,686 INFO [capacityManagement] start correct usage

2024-11-19 10:28:55,686 INFO [capacityManagement] end correct usage, cost: 0s

2024-11-19 10:28:55,889 WARN clearConfigHistory start

2024-11-19 10:28:55,890 WARN clearConfigHistory, getBeforeStamp:2024-10-20 10:28:55.0, totalCount:2, pageSize:1000, removeTime:1

2024-11-19 10:37:15,232 WARN [ConfigServer-HttpClientManager] Start destroying NacosRestTemplate

2024-11-19 10:37:15,232 WARN [HttpClientBeanHolder] Start destroying common HttpClient

2024-11-19 10:37:15,232 WARN [ThreadPoolManager] Start destroying ThreadPool

2024-11-19 10:37:15,232 WARN [WatchFileCenter] start close

2024-11-19 10:37:15,232 WARN [NotifyCenter] Start destroying Publisher

2024-11-19 10:37:15,233 WARN [WatchFileCenter] start to shutdown this watcher which is watch : C:\Users\ChangxueDeng\Code\Java\SpringCloud\SpringCloudStudy\nacos\conf

2024-11-19 10:37:15,234 WARN [HttpClientBeanHolder] Destruction of the end

2024-11-19 10:37:15,234 WARN [ConfigServer-HttpClientManager] Destruction of the end

2024-11-19 10:37:15,234 WARN [WatchFileCenter] already closed

2024-11-19 10:37:15,234 WARN [NotifyCenter] Destruction of the end

2024-11-19 10:37:15,236 INFO Shutting down ExecutorService 'taskScheduler'

2024-11-19 10:37:15,238 INFO Shutting down ExecutorService 'applicationTaskExecutor'

2024-11-19 10:37:30,232 WARN [ThreadPoolManager] Destruction of the end

