2024-11-19 10:08:54,959 INFO raft peers changed: [Member{ip='192.168.56.1', port=8848, state=UP, extendInfo={raftPort=7848}}]

2024-11-19 10:08:54,981 INFO initializing Raft sub-system

2024-11-19 10:08:55,071 INFO finish loading all datums, size: 8 cost 90 ms.

2024-11-19 10:08:55,074 INFO cache loaded, datum count: 8, current term: 500

2024-11-19 10:08:55,074 INFO finish to load data from disk, cost: 93 ms.

2024-11-19 10:08:55,077 INFO timer started: leader timeout ms: 15000, heart-beat timeout ms: 5000

2024-11-19 10:08:55,532 INFO add listener: com.alibaba.nacos.naming.domains.meta.00-00---000-NACOS_SWITCH_DOMAIN-000---00-00

2024-11-19 10:08:55,544 INFO add listener: com.alibaba.nacos.naming.domains.meta.

2024-11-19 10:08:55,544 INFO [RAFT-NOTIFIER] datum is changed, key: com.alibaba.nacos.naming.domains.meta.78bef756-8e60-43d9-8239-773b329381b2##DEFAULT_GROUP@@borrow-service, value: Service{name='DEFAULT_GROUP@@borrow-service', protectThreshold=0.0, appName='null', groupName='DEFAULT_GROUP', metadata={}}

2024-11-19 10:08:55,545 INFO add listener: com.alibaba.nacos.naming.iplist.78bef756-8e60-43d9-8239-773b329381b2##DEFAULT_GROUP@@borrow-service

2024-11-19 10:08:55,621 INFO [RAFT-NOTIFIER] datum is changed, key: com.alibaba.nacos.naming.domains.meta.public##DEFAULT_GROUP@@borrow-service, value: Service{name='DEFAULT_GROUP@@borrow-service', protectThreshold=0.0, appName='null', groupName='DEFAULT_GROUP', metadata={}}

2024-11-19 10:08:55,622 INFO add listener: com.alibaba.nacos.naming.iplist.public##DEFAULT_GROUP@@borrow-service

2024-11-19 10:08:55,623 INFO [RAFT-NOTIFIER] datum is changed, key: com.alibaba.nacos.naming.domains.meta.78bef756-8e60-43d9-8239-773b329381b2##DEFAULT_GROUP@@book-service, value: Service{name='DEFAULT_GROUP@@book-service', protectThreshold=0.0, appName='null', groupName='DEFAULT_GROUP', metadata={}}

2024-11-19 10:08:55,623 INFO add listener: com.alibaba.nacos.naming.iplist.78bef756-8e60-43d9-8239-773b329381b2##DEFAULT_GROUP@@book-service

2024-11-19 10:08:55,624 INFO [RAFT-NOTIFIER] datum is changed, key: com.alibaba.nacos.naming.domains.meta.public##DEFAULT_GROUP@@book-service, value: Service{name='DEFAULT_GROUP@@book-service', protectThreshold=0.0, appName='null', groupName='DEFAULT_GROUP', metadata={}}

2024-11-19 10:08:55,624 INFO add listener: com.alibaba.nacos.naming.iplist.public##DEFAULT_GROUP@@book-service

2024-11-19 10:08:55,990 INFO [RAFT-NOTIFIER] datum is changed, key: com.alibaba.nacos.naming.domains.meta.78bef756-8e60-43d9-8239-773b329381b2##DEFAULT_GROUP@@book-service, value: Service{name='DEFAULT_GROUP@@book-service', protectThreshold=0.0, appName='null', groupName='DEFAULT_GROUP', metadata={}}

2024-11-19 10:08:55,992 INFO add listener: com.alibaba.nacos.naming.iplist.78bef756-8e60-43d9-8239-773b329381b2##DEFAULT_GROUP@@book-service

2024-11-19 10:08:55,995 INFO [RAFT-NOTIFIER] datum is changed, key: com.alibaba.nacos.naming.domains.meta.78bef756-8e60-43d9-8239-773b329381b2##DEFAULT_GROUP@@borrow-service, value: Service{name='DEFAULT_GROUP@@borrow-service', protectThreshold=0.0, appName='null', groupName='DEFAULT_GROUP', metadata={}}

2024-11-19 10:08:55,996 INFO add listener: com.alibaba.nacos.naming.iplist.78bef756-8e60-43d9-8239-773b329381b2##DEFAULT_GROUP@@borrow-service

2024-11-19 10:08:55,997 INFO [RAFT-NOTIFIER] datum is changed, key: com.alibaba.nacos.naming.domains.meta.public##DEFAULT_GROUP@@book-service, value: Service{name='DEFAULT_GROUP@@book-service', protectThreshold=0.0, appName='null', groupName='DEFAULT_GROUP', metadata={}}

2024-11-19 10:08:55,997 INFO add listener: com.alibaba.nacos.naming.iplist.public##DEFAULT_GROUP@@book-service

2024-11-19 10:08:55,998 INFO [RAFT-NOTIFIER] datum is changed, key: com.alibaba.nacos.naming.domains.meta.public##DEFAULT_GROUP@@borrow-service, value: Service{name='DEFAULT_GROUP@@borrow-service', protectThreshold=0.0, appName='null', groupName='DEFAULT_GROUP', metadata={}}

2024-11-19 10:08:55,998 INFO add listener: com.alibaba.nacos.naming.iplist.public##DEFAULT_GROUP@@borrow-service

2024-11-19 10:08:57,089 INFO leader timeout, start voting,leader: {"ip":"192.168.56.1:8848","term":0,"leaderDueMs":19553,"heartbeatDueMs":5000,"state":"FOLLOWER"}, term: 0

2024-11-19 10:08:59,959 WARN start to close old raft protocol!!!

2024-11-19 10:08:59,959 WARN stop old raft protocol task for notifier

2024-11-19 10:08:59,960 WARN stop old raft protocol task for master task

2024-11-19 10:08:59,960 WARN stop old raft protocol task for heartbeat task

2024-11-19 10:08:59,960 WARN clean old cache datum for old raft

2024-11-19 10:08:59,960 WARN start to close old raft protocol!!!

2024-11-19 10:08:59,960 WARN stop old raft protocol task for notifier

2024-11-19 10:08:59,960 WARN stop old raft protocol task for master task

2024-11-19 10:08:59,960 WARN stop old raft protocol task for heartbeat task

2024-11-19 10:08:59,960 WARN clean old cache datum for old raft

2024-11-19 10:08:59,960 WARN start to move old raft protocol metadata

2024-11-19 10:08:59,961 WARN start to move old raft protocol metadata

2024-11-19 10:08:59,962 INFO raft peers changed: [Member{ip='192.168.56.1', port=8848, state=UP, extendInfo={lastRefreshTime=1731982139961, raftPort=7848, version=1.4.3}}]

2024-11-19 10:10:56,475 INFO add listener: com.alibaba.nacos.naming.iplist.78bef756-8e60-43d9-8239-773b329381b2##DEFAULT_GROUP@@user-service

